----------------- GPT2_czech_XL ------ DatasetType.SYLLABLES_AND_WORDS ----------------
cuda available.
==========  GPT2_czech_XL_SYLLABLES_AND_WORDS_lyricist_0_32.pt ==========

1

4 6 4 8 # čas půlnoc komáři kostel kytka #
4 # půlnoční
6 # když komáři tu lítají
4 # půlnoční
8 # když kostelní zvon zní do ticha
4 # půlnoční
8 # čas s ní letí na kytku na okno
4 # půlnoční
8 # čas s ní letí na kytku na okno
5 # v noci se rozletí
4 # půlnoční
8 # čas s ní letí na kytku

2

4 6 4 8 # čas půlnoc komáři kostel kytka #
4 # kytku jsem dostal
6 # čas letí a komáři
4 # kytku jsem dostal
8 # a co víc bych si moh přát
7 # už je zas půlnoc a kytka už nevoní
4 # kytka už nevoní
6 # kytka už nevoní
8 # a už je zas půlnoc a komáři
7 # ježíšek byl už v kostele
4

3

4 6 4 8 # čas půlnoc komáři kostel kytka #
4 # na půlnoc
6 # v kostele je kýchnutí
4 # to komár tě praští
8 # a na kytku je toho času dost
8 # a na kytky pro komára je toho času moc.
2 # čas půlnoc
4 # v kostele je kýchnutí
8 # a na kytku je toho času dost
2 # čas půlnoc
4 # tam dole

4

4 6 4 8 # čas půlnoc komáři kostel kytka #
4 # je půlnoc
6 # je půlnoc a s námi
4 # je půlnoc
8 # jen pár posledních kytek
4 # je půlnoc a s námi
8 # pár posledních komárů
5 # s nimi se rozednívá
3 # i nám se rozednívá
8 # se všemi těmi kosami na kostelní věži
3 # jen s nimi se rozednívá


5

4 6 4 8 # čas půlnoc komáři kostel kytka #
4 # poslední den
6 # kdy jsi mne pozval
4 # na půlnoc
8 # za kytku, co jsem z ní měla
8 # za večer na schodech kostela
4 # za kytku, co jsi mi dal
2 # za ten den
4 # za den poslední
12 # kdy bylo mi třicet tři a tobě pětadvacet pět
2 # za ten den
5 # tos mě pozval

6

4 6 4 8 # čas půlnoc komáři kostel kytka #
4 # a v té vteřině
6 # mě napadá
4 # a pak už mám
8 # že není čas kytku v kostele
8 # a komáři se mnou chodí spát
9 # a na chvíli mi připadá že jsem sám
4 # a s tím se mi usíná
2 # líp
4 # a pak už mám
8 # a na chvilku se mi zdá že jsem sám
2

7

4 6 4 8 # čas půlnoc komáři kostel kytka #
4 # je půlnoc
6 # je půlnoc a já mám komáry
4 # je půlnoc
8 # v kostele se klečí a kytky se rozdávaj
8 # je půlnoc a za okny se svítí
6 # je půlnoc a za okny se svítí
4 # je půlnoc a za okny se svítí
8 # je půlnoc a za okny se svítí
6 # je půlnoc

8

4 6 4 8 # čas půlnoc komáři kostel kytka #
4 # čas půlnoční
6 # jako noční komár
4 # a květ lípy
8 # do kostela z lípy na náměstí
8 # u kapličky v rohu města
4 # čas půlnoční
6 # jako noční komár
8 # a květ lípy u kapličky v rohu města
4 # čas půlnoční
4 # pod lípou pod lípou
4 # pod lípou

9

4 6 4 8 # čas půlnoc komáři kostel kytka #
4 # půlnoc je
6 # do kostela přišel komár
4 # za ním druhá
8 # a třetí, druhá druhá druhá
8 # s kytkou a se svatými mukami pryč je
2 # zpátky do lesa
2 # zpátky do lesa
1 # zpátky do lesa
2 # zpátky do lesa
1 # zpátky do lesa
5 # na kostelní věži houkala půlnoc
4

10

4 6 4 8 # čas půlnoc komáři kostel kytka #
4 # ta chvíle poslední
6 # kdy půlnoc dozněla
4 # kytka ve vitríně
8 # komáři se do rána rozlétli
4 # půlnoc dozněla
8 # komáři se do rána rozlétli
8 # půlnoc dozněla a komáři se rozletí
11 # ta minuta se zdála ještě nekonečně dlouhá
4 # a pak zazvonil zvonec


11

4 6 4 8 # čas půlnoc komáři kostel kytka #
4 # ještě je čas
6 # ještě je čas, ještě je čas
4 # ještě je čas
8 # ještě je čas, ještě je čas, ještě je čas
2 # ještě je čas
3 # a je jen jedna kytka
4 # ještě je čas, ještě je čas
8 # a je jen jedna kytka, tu znám odmala
2 # ještě je čas
6 # ještě je

12

4 6 4 8 # čas půlnoc komáři kostel kytka #
4 # od půlnoci
6 # je konec časům dětským
4 # komáři útočí
8 # jako by chtěli vzít svět
6 # kytku v kostele uříznou
4 # než se vrátíš
8 # z těch tvých krásných řečí
10 # je to jen snůška slov a frází
4 # co se na ně zapomíná
8 # než začneš na to myslet
2 # pak už je

13

4 6 4 8 # čas půlnoc komáři kostel kytka #
4 # odbila půlnoc
6 # čas na chvíli se zastavit
4 # kytky rozkvést
8 # do noci se kostelem rozlít
8 # a když tě komár políbí
3 # kytku utrhni
3 # a máš svůj čas
14 # a než se rozednilo, tak jsme se s klukama rozešli
6 # do ticha kostela na malou
8 # a já za ním jsem

14

4 6 4 8 # čas půlnoc komáři kostel kytka #
4 # půlnoc
6 # v kostele je mumraj
4 # půlnoc
8 # nad hlavou lítá moucha a žere kytku
4 # půlnoc
8 # to už je dávno čas jít spát
11 # kdy se na kytku podívám z toho místa blíž
5 # to bejvaj komáři v tranzu
4 # půlnoc
8 # to už je dávno čas jít spát


15

4 6 4 8 # čas půlnoc komáři kostel kytka #
4 # půlnoc tu je
6 # v kostele si povídám
4 # komáři jsou taky
8 # na kytku si posvítím
4 # komáři jsou taky
8 # na kytku si posvítím
4 # komáři jsou taky
8 # na kytku si posvítím
4 # komáři jsou taky
8 # na kytku si posvítím
4 # komáři jsou taky
==========  GPT2_czech_XL_SYLLABLES_AND_WORDS_lyricist_1_32.pt ==========

1

4 6 4 8 # čas půlnoc komáři kostel kytka #
4 # půlnoc už
6 # čas kytek ubývá k noci
4 # půlnoc už
8 # v kostele se zvoní a svítí
8 # do tmy na tebe svítí měsíc
3 # půlnoc už
6 # kytku uvití a komáří jed
4 # půlnoc už
8 # komáří jed i na nás ječí
3 # půlnoc už
6 # kytku

2

4 6 4 8 # čas půlnoc komáři kostel kytka #
4 # půlnoc už
6 # na věži kostela
4 # v kytkách komáři
8 # čas nám ubíhá, a já ti říkám
4 # tak pojď s námi dál
8 # na chvíli se zastavit a říct pár
4 # ne ne nejsi čas
8 # a já ti teď řeknu jen toto
3 # tak pojď s námi dál
4 # do světa s námi pojď
6 #

3

4 6 4 8 # čas půlnoc komáři kostel kytka #
4 # půlnoc a komáři
6 # čas a půlnoc
4 # půlnoc a komáři
8 # čas a půlnoc a kostelík
6 # čas a půlnoc a kytka
4 # půlnoc a komáři
8 # čas a půlnoc, čas a komáři
5 # čas a půlnoc a kytka
2 # čas a komáři
12 # půlnoc a

4

4 6 4 8 # čas půlnoc komáři kostel kytka #
4 # až na půlnoc
6 # na půlnoce se objeví
4 # první komár
8 # jen se podívej na kytku
8 # tak jako ve filmu pro pamětníky
5 # i za komárů to tak bylo
4 # na půlnoc se objeví
8 # jen se podívej na kytku
4 # a v tvém městě
8 # si budeš připadat mezi komáry sám
5

5

4 6 4 8 # čas půlnoc komáři kostel kytka #
4 # půlnoc
6 # komáři už doznívají
4 # půlnoc
8 # kytka v noci vykvetla a já jdu spát
4 # půlnoc
8 # já v kostele odbil poledne
6 # je to čas půlnoc
4 # půlnoc
9 # a já jedu domů a tam komáři
2 # komáři
5 # komáři uletí
8 #

6

4 6 4 8 # čas půlnoc komáři kostel kytka #
4 # co to je, to je
6 # kdo mě na ten kříž vzal
4 # už mě nemá rád
8 # co to je, to je, co to je
8 # co to je, to je, co to je
6 # co to je co to je
2 # když půlnoční
4 # komáři bodají
8 # tak ten čas utíká a nikdo to neví
2

7

4 6 4 8 # čas půlnoc komáři kostel kytka #
4 # teď ještě
6 # abychom stihli půlnoc
4 # až zavřou kostel
8 # a komáři z těch kytek budou lítat ven
8 # a v noci na dveře vletí vrána
2 # a v noci
3 # nám vlítne datel
2 # datel a v noci
4 # už je zas půlnoc
2 # vletí vrána
13 # a

8

4 6 4 8 # čas půlnoc komáři kostel kytka #
4 # půlnoc
6 # kostelní hodiny jdou
4 # půlnoc
8 # kytka voněla tmou a komáři
8 # v kostele hráli a zpívali
4 # půlnoc
6 # kostelní hodiny jdou
4 # půlnoc
8 # v kostele hráli a zpívali
4 # půlnoc
7 # komáři voněli a v kešeni měl jsem
4 # půlnoc

9

4 6 4 8 # čas půlnoc komáři kostel kytka #
4 # čas půlnoční
6 # kytka komáři za okny
4 # čas půlnoční
8 # komáři nad kostelíčkem
6 # kytka už kvete, motýlci lítaj
4 # čas půlnoční
8 # komáři nad kostelíčkem
6 # kytka už kvete, motýlci lítaj
4 # čas půlnoční
5 # komáři nad kostelíčkem
4

10

4 6 4 8 # čas půlnoc komáři kostel kytka #
4 # a čas tak
6 # ať se nekrade
4 # a čas tak
8 # ať se nekrade a v noci
8 # komáři tak nelítaj po nocích
4 # a čas tak
8 # ať se nekrade a v noci
5 # kostelní zvony zní
3 # já si přeju
4 # a čas tak
8 # ať se nekrade

11

4 6 4 8 # čas půlnoc komáři kostel kytka #
4 # a v kostele
6 # svítily s ní i noční mráčky
4 # a v kostele
8 # svítily s ní i noční mráčky
4 # a v kostele
6 # svítil na kytku měsíček
8 # kytka v něm se chvěla a mrkala
6 # jako když měsíček na svíci sedá
8 # jako když měsíček na svíci

12

4 6 4 8 # čas půlnoc komáři kostel kytka #
4 # už jsou na kostele
6 # a v kostele je tma
4 # to zas budou komáři
8 # už se do toho opřeli sekyrou
4 # to zas budou komáři
8 # už se do toho opřeli sekyrou
2 # už se to kymácí
6 # už se kymácí to zas jsou komáři
2 # už se to kymácí
8 #

13

4 6 4 8 # čas půlnoc komáři kostel kytka #
4 # to byl ale čas
6 # vždyť v kostele byla půlnoc
4 # to nebyl žádnej fór
8 # v květinářství měli na prodej
8 # dva malý malý muňky
2 # komáři
4 # to nebyl žádnej fór
6 # to byl ale čas
3 # co se vleče
8 # ale netrvá věčně
6 # to je jenom zdání
1 # komá

14

4 6 4 8 # čas půlnoc komáři kostel kytka #
4 # půlnoční čas
6 # komáři jdou spát
4 # půlnoční čas
8 # do kostela na kytku ti nepudu
4 # půlnoční čas
8 # komáři jdou spát do kostela na kytku
4 # půlnoční čas
9 # do kostela na kytku nepudu
4 # půlnoční čas
8 # do kostela nepudu na kytku vám nepu

15

4 6 4 8 # čas půlnoc komáři kostel kytka #
4 # půlnoc
6 # komáři dopijou
4 # já dohraju
8 # a na květ pod oltářem kytka uvadne
4 # půlnoc
8 # já dohraju a kostelík se zavře
6 # když se podívám dolů
22 # půlnoc a komáři na oltáři spící a kostel za dveřma
6 # půlnoc a komáři na oltáři
==========  GPT2_czech_XL_SYLLABLES_AND_WORDS_lyricist_2_32.pt ==========

1

4 6 4 8 # čas půlnoc komáři kostel kytka #
4 # v noci zalejvaj
6 # a v neděli v sedm
4 # čas půlnoc
8 # pod okýnky kostela na mě čekají
4 # komáři
8 # pod okýnkama kostela na mě čekají
a já vím, co mi schází
3 # čas půlnoc
8 # pod okýnkama kostela na mě čekají
komáři
10 # za to, že můžu mít

2

4 6 4 8 # čas půlnoc komáři kostel kytka #
4 # v kostele je půlnoc
6 # tak mi ho hoď do ruky
4 # komáři koušou
8 # a ty nemáš kytku, co bych ti za ni dala
4 # na kytku pro mne
8 # jsem ještě moc mladá a mám čas
6 # v kostele je půlnoc
3 # tak mi ho hoď do ruky
1 # komáři koušou
7 # a ty

3

4 6 4 8 # čas půlnoc komáři kostel kytka #
4 # tak je tady
6 # už půlnoc se blíží
4 # a za náma kostel
8 # v něm ta kytka z kostela
4 # a komáři jak sviň
8 # ty mě v tom kostele žerou a mě to sere
4 # a mě to sere
2 # tak je tady
6 # už půlnoc se blíží
4 # a za náma kostel
2 # tak

4

4 6 4 8 # čas půlnoc komáři kostel kytka #
4 # na mě čas zbejvá
6 # na mě zbejvá půlnoc
4 # na mě zbejvá půlnoc
8 # pod oknem svítěj světýlka od kostelní lampy
4 # v koutě na stolku je kytka
8 # a já v noci potím se a v tomhle čase mám splín
6 # a pod oknem mi komáři línaj
4 # tak pojď

5

4 6 4 8 # čas půlnoc komáři kostel kytka #
4 # půlnoční mrak
6 # z kytek se líbaj komáři
4 # je den
8 # já se tu jen tak plácal
8 # na kopečku s kostelíkem
2 # jsem jak ten
4 # a je jen na tobě
8 # jak se k tomu postavím dál
2 # vím jistě
3 # jsem blázen
4 # na ten den jen tak nikdy nezapomenu

6

4 6 4 8 # čas půlnoc komáři kostel kytka #
4 # půlnoc přichází
6 # den je krátký jak den
4 # komáři lítají
8 # kytky v oknech kvetou a čas je krátký
4 # komáři lítaj
8 # a čas je krátký jak čas
3 # den je krátký jak den
5 # komáři lítaj
8 # a čas je dlouhý jak čas
3 # den je dlouhý jako den
3 # den je dlouhý

7

4 6 4 8 # čas půlnoc komáři kostel kytka #
4 # na čase nezáleží
6 # možná, že se na nebi
4 # na čase nezáleží
8 # možná, že se na nebi objeví komáři s květnou
8 # a já v kapse hledám sirky
4 # abych mohl svíčku rozžehnout
5 # až půjdu spát
8 # a když mě ze sna budou komáři otravovat
4 # pak se to tak hezky vrací
6 #

8

4 6 4 8 # čas půlnoc komáři kostel kytka #
4 # a komáři
6 # jak půlnoc se snáší
4 # a komáři
8 # a do kostela si letí pro kytku
8 # když mu na čelo jí dáš
4 # a komáři
2 # no neletí
4 # a komáři
8 # do kostela si letí pro kytku
4 # a komáři
2 # no neletí
4 # a komáři

9

4 6 4 8 # čas půlnoc komáři kostel kytka #
4 # čas půlnoc
6 # na kostele zvoní
4 # za oknem kytky
8 # komáři a komáři a komáři
6 # čas půlnoc, čas půlnoc
4 # čas půlnoc na kostele zvoní
8 # komáři a komáři a komáři
6 # čas půlnoc na kostele zvoní
4 # čas půlnoc na kostele zvoní
6 # čas půlno

10

4 6 4 8 # čas půlnoc komáři kostel kytka #
4 # čas se vleče
6 # komáři koušou
4 # za kostelem je kytka
8 # kde v lese je i v půlnoc světlo
6 # za kytkama se nachýlí
4 # čas se vleče
8 # komáři koušou a nachýlí
2 # čas se vleče
8 # za kytkama se nachýlí
3 # za nima

11

4 6 4 8 # čas půlnoc komáři kostel kytka #
4 # půlnoční čas
6 # komáři do mě píchají
4 # v noci ve kostele
8 # kytka už dávno nevoní
8 # na stole leží vzkaz z radnice
3 # a mě se chce se smát
6 # a já na čas s hlavou do oprátky
4 # na rok a na den
9 # na kytku pod lavicí ve sklepě mi zapomněli
3 #

12

4 6 4 8 # čas půlnoc komáři kostel kytka #
4 # tak je čas
6 # půlnoc se blíží
4 # komáři otravují
8 # v kostele je svíčka a kytka
4 # tak je čas
8 # půlnoc se blíží a komáři otravují
6 # v kostele je svíčka a kytka
4 # tak je čas
1 # tak se mi zdá
3 # je čas se vrátit
5 # po dlouhé noční
8

13

4 6 4 8 # čas půlnoc komáři kostel kytka #
4 # a čas šel spát
6 # a slunce bylo v půli
4 # a čas šel spát
8 # a slunce bylo v půli a v kostele se slétli komáři
4 # a čas šel spát
8 # a slunce bylo v půli a v kostele se slétli komáři
4 # a čas šel spát
8 # a slunce bylo v půli a v kostele se slétli komá

14

4 6 4 8 # čas půlnoc komáři kostel kytka #
4 # kytek není
6 # a je jich málo
4 # a je jich málo
8 # od jedné půlnoci do jedné ráno
2 # jen a jen času
4 # času je málo
8 # od jedné půlnoci do jedné rána
2 # jen a jen času
8 # od jedné půlnoci do jedné rána
8 # od jedné půlnoci do jedné rána
2 # jen a jen času
4 #

15

4 6 4 8 # čas půlnoc komáři kostel kytka #
4 # půlnoční čas
6 # kdy čas kytku spálí
4 # půlnoční čas
8 # kdy čas se mění v komára
8 # a tak si v kostele s holkou povídám
3 # půlnoční čas
2 # půlnoční čas
5 # na komára si připijem
4 # půlnoční čas
8 # kdy čas se mění v komára
8 # na
==========  GPT2_czech_XL_SYLLABLES_AND_WORDS_lyricist_3_32.pt ==========

1

4 6 4 8 # čas půlnoc komáři kostel kytka #
4 # půlnoc a čas
6 # slunce pomalu zapadá
4 # komáři lítaj
8 # i ve městě a kolem kostela
4 # lítaj motýlci
8 # a kytky a já sem tu poslední
6 # kytku od vás mám rád
8 # na okně i na nočním stolku
3 # lítám jako vítr
2 # lítám jako vítr
1 # lítám jako vítr


2

4 6 4 8 # čas půlnoc komáři kostel kytka #
4 # a komáři
6 # jsou už půlnoc
4 # a půlnoc
8 # a v kostele zvoní zvony půlnoc
4 # a komáři
8 # jsou už půlnoc a v kostele
2 # zvoní zvony
3 # půlnoc
8 # a v kostele zvoní zvony a já
4 # jsem sám už tu sedím sám
2 # a mám čas
2 #

3

4 6 4 8 # čas půlnoc komáři kostel kytka #
4 # co tu bylo
6 # to v tom spěchu
4 # co tu bylo
8 # za chvíli bude půlnoc
4 # když komáři vniknou
8 # do kostela a do oken si sednou
8 # bude to ta kytka co jsem ti chtěl dát
3 # ale zapomněl jsem
4 # za chvíli bude půlnoc
4 # všude vládně čas
8 # je

4

4 6 4 8 # čas půlnoc komáři kostel kytka #
4 # v půlnoci
6 # kolem kostela se motá
4 # v půlnoci
8 # komár kolem voní si kytku
8 # komár kolem voní si kytku
2 # komáři
3 # kolem noci
4 # kolem půlnoci
8 # komár kolem voní si kytku
2 # komáři
4 # kolem půlnoci
8 # komár kolem voní si kytku
2 #

5

4 6 4 8 # čas půlnoc komáři kostel kytka #
4 # večernice
6 # kytka vadne
4 # půlnoc
8 # a komáři se probouzí
4 # půlnoc
6 # kytka vadne
8 # a komáři se probouzí
4 # půlnoc
4 # půlnoc
6 # kytka vadne
4 # půlnoc # půlnoc
3 # půlnoc
4 # půlnoc
6 # kytka va

6

4 6 4 8 # čas půlnoc komáři kostel kytka #
4 # v kostele půlnoc
6 # to co na kytkách mám
4 # to mám rád
8 # do roka bude ze mě kokot
4 # do roka bude ze mě kokot
8 # v kostele půlnoc, to co na kytkách mám
4 # to mám rád
8 # do roka bude ze mě kokot
4 # to nemám rád
8 # v kostele půlnoc,

7

4 6 4 8 # čas půlnoc komáři kostel kytka #
4 # čas půlnoční
6 # to je ta chvíle
4 # když se komáři rojí
8 # v kostele zpívají mši a v parku
4 # je kytka kvetlá
8 # v kostele zpívají mši a v parku
3 # na kytku padá stín
4 # čas půlnoční
9 # kdy se rojí komáři z kytek a ze starých domů
7 # když už

8

4 6 4 8 # čas půlnoc komáři kostel kytka #
4 # půlnoc za oknem
6 # komár bzučel na mně
4 # půlnoc za oknem
8 # kytka už uvadá a já taky už
4 # půlnoc zívám
8 # a venku se stmívá a kostelní zvon
6 # jak půlnoc za oknem zvoní
4 # půlnoc zívám
8 # a venku se stmívá a kostelní zvon
4 #

9

4 6 4 8 # čas půlnoc komáři kostel kytka #
4 # dneska není žádnej
6 # žádný vteřiny
4 # jenom v rytmu
8 # na kostelních hodinách odbíjí půlnoc
4 # komáři na mě jdou
8 # kytku votravujou jak vzteklý
6 # už je mi zase blbě jenom
3 # jsem zpocenej
4 # jak komáři
8 # dneska není žádnej žádný
5 # je jenom v rytmu


10

4 6 4 8 # čas půlnoc komáři kostel kytka #
4 # ta půlnoc
6 # co komáři komáři
4 # ta půlnoc
8 # na kterou jsem se vždycky těšil
4 # ta půlnoc
8 # na kterou jsem se vždycky těšil
4 # ta půlnoc
5 # kytku u kostela
4 # tu mi komáři ulámou
8 # čas půlnoc, čas co komáři
3 # čas co komáři


11

4 6 4 8 # čas půlnoc komáři kostel kytka #
4 # když půlnoc
6 # za dveřmi stojíš
4 # na stolku pod kytkou
8 # po kapsách pár brouků jsi
4 # a komáři v nose
8 # ten čas je jako noc v tom kraji
2 # kde se čas zastavil
6 # a tam na kostelní věži odbíjí půlnoc
2 # čas je jako noc v tom kraji
4 # tam na

12

4 6 4 8 # čas půlnoc komáři kostel kytka #
4 # je půlnoc
6 # tak jsme si dali pár kytek
4 # komáři nám dali
8 # tak jsme se nechali u kostela polít
8 # tak se nám z toho rozklepala brada
4 # je půlnoc
6 # tak jsme si dali pár kytek
2 # a komáři
4 # je půlnoc
2 # a komáři
6 # tak jsme

13

4 6 4 8 # čas půlnoc komáři kostel kytka #
4 # a v tý době
6 # už je půlnoc
4 # a já se vrátím
8 # ze školy i ze školky k rodičům
8 # a v tý době si mě komáři najdou
4 # a já se vrátím
8 # z města i z venkova už se vrátí
4 # a v tý době si mě komáři najdou
8 # ze školy i ze školky k rodičům
6 #

14

4 6 4 8 # čas půlnoc komáři kostel kytka #
4 # ta kytka
6 # to je z půlnoce
4 # tam venku
8 # z kytek je hmyz na nohou
8 # tam venku se z komářího
3 # půlnoce
8 # stává letní den a čas
5 # kdy se otvírá kostel
4 # kde pod kazatelnou
8 # kde se vlní kytička z květů
3 # z květů z květů
5

15

4 6 4 8 # čas půlnoc komáři kostel kytka #
4 # čas se valí
6 # vprostřed noci kytka
4 # čas se žene
8 # vprostřed noci komár, svíčka
8 # s ním se valí čas jako blázen
6 # a do toho hraje kytka
4 # čas se valí
2 # jako blázen
9 # a do toho vyhrává kytka
2 # jako blázen
4 # čas se valí
8 # jako blázen hraje
==========  GPT2_czech_XL_SYLLABLES_AND_WORDS_lyricist_4_32.pt ==========

1

4 6 4 8 # čas půlnoc komáři kostel kytka #
4 # tak ať
6 # ať se z toho ticha
4 # když je o půlnoci
8 # neleknem se žádnýho komára
8 # v tomhle kostele se i kytky bojí
2 # tak ať se
4 # z toho ticha
8 # neleknem se žádnýho komára
2 # tak ať se
4 # z toho ticha
2 # tak ať se
4 # z

2

4 6 4 8 # čas půlnoc komáři kostel kytka #
4 # půlnoc je
6 # čas komárů
4 # komárů v kostele
8 # jen kytku pro babičku
4 # kytku pro babičku
8 # jen kytku pro babičku
5 # kytku pro babičku
4 # kytku pro babičku
8 # jen kytku pro babičku
5 # kytku pro babičku
4 # kytku pro babičku
8 # jen kytku pro babičku

3

4 6 4 8 # čas půlnoc komáři kostel kytka #
4 # po půlnoci
6 # kdy už všude lítají komáři
4 # tak já mám čas
8 # kytku natrhám na zahrádce v kostele
4 # tak já mám čas
8 # na kytku natrhám na zahrádce v kostele
4 # tak já mám čas
6 # na kytku natrhám na zahrádce v kostele
4 # tak já mám čas
3 # mám čas na kytku

4

4 6 4 8 # čas půlnoc komáři kostel kytka #
4 # tak jako ty
6 # a já teď musím sám
4 # tak jako ty
8 # já teď musím sám už za soumraku
4 # a kytka zvadne
8 # tak jako ty, jen já vím
a tak stejně jako ty
3 # já vím vím teď už vím
4 # tak jako ty
8 # tak jako ty vím už vím
4 # čas se chý

5

4 6 4 8 # čas půlnoc komáři kostel kytka #
4 # půlnoc
6 # komáři, noční rojení
4 # jak hejno krvelačných
8 # se z kostela ozývá zvon a dozní
8 # vůně a tóny kytice a šepot
2 # že se vrátí
5 # a jak se to stává
4 # kdy se to stává
8 # až se vrátím, bude za chvíli
6 # čas půlnoc a já za oknem
2

6

4 6 4 8 # čas půlnoc komáři kostel kytka #
4 # čas půlnoc
6 # kytku kytku z kostela
4 # čas půlnoc
8 # kytku kytku z kostela
4 # čas půlnoc
8 # kytku kytku z kostela
2 # mávám
6 # mávám a je mi fuk
4 # co se děje
8 # kytku kytku z kostela
2 # mávám
4 # čas půlnoc


7

4 6 4 8 # čas půlnoc komáři kostel kytka #
4 # a jak dál
6 # když půlnoc se blíží
4 # a jak dál
8 # s kytkou z kostela za městem
4 # za svítání komáři
8 # a jak dál, když půlnoc se blíží
4 # s kytkou z kostela za městem
4 # za svítání komáři
8 # a jak dál, když půlnoc se blíží
4 # za svítání komáři


8

4 6 4 8 # čas půlnoc komáři kostel kytka #
4 # v půlnoci
6 # komáři mě štípou
4 # v kostele za oltářem
8 # kytku jsem jí natrhal a pak
8 # po cestě domů mně komáři otravovali
4 # v noci mě komáři štípali
6 # po cestě domů mě komáři otravovali
8 # kytku jsem jí natrhal a pak
2 # chtěl jsem jet domů
4 # v

9

4 6 4 8 # čas půlnoc komáři kostel kytka #
4 # půlnoc
6 # kytku na hrob dali
4 # na hrob dali
8 # v kostele je půlnoc a komáři
4 # komáři
8 # v kostele je půlnoc a komáři
5 # to byla doba
16 # kdy jsme se měli oba dobře a byli tak šťastní to byl rok 1963
4 # když jsem šel z práce
8 # a na mně v okně hou

10

4 6 4 8 # čas půlnoc komáři kostel kytka #
4 # půlnoc a komáry
6 # kostel v noci plný komárů
4 # půlnoc a komáry
8 # z okna je vidět kytku jak letí přes potok
4 # půlnoc a komáry
8 # z okna je vidět kytku jak letí přes potok
4 # půlnoc a komáry
6 # kostel v noci plný komárů
4 # půlnoc a komáry
8

11

4 6 4 8 # čas půlnoc komáři kostel kytka #
4 # jsem půlnoc
6 # komáři za náma jdou
4 # jsem půlnoc
8 # já jsem z lásky kytku utrh
4 # jsi půlnoc
6 # kytku si koupím
7 # už se mě nemusíš bát
čas se k nám zas vrátil
2 # a já jsem z tebe
4 # jsem půlnoc
8 # jsem z tebe a z lásky kytku utrh

12

4 6 4 8 # čas půlnoc komáři kostel kytka #
4 # čas šel spát
6 # a komáři taky
4 # čas šel spát
8 # a kytka se zvadla z hlíny
4 # čas šel spát
8 # a kytka se zvadla z hlíny
4 # čas šel spát
8 # a kytka se zvadla z hlíny
3 # čas šel spát
4 # čas šel spát
8 # a kytka se zvadla z

13

4 6 4 8 # čas půlnoc komáři kostel kytka #
4 # půlnoc
6 # čas kdy komáři útočí
4 # půlnoc
8 # kytka si v kostele naříká
8 # na ty čas, kdy na svět přišel bůh
6 # ty časy, kdy čas běžel
4 # půlnoc
8 # kytka se v kostele klejká
6 # za tebe za tebe ti za všechno
4 # půlnoc
8 # jak čas tak

14

4 6 4 8 # čas půlnoc komáři kostel kytka #
4 # v kytce
6 # komáři ráno už budou
4 # a v půlnoc
8 # odbíjejí hodiny a my můžem dát
4 # tichej dálek sbohem
8 # kostelník odbíjí půlnoc
2 # odbíjí půlnoc
5 # tichej dálek sbohem
1 # tichej dálek sbohem
3 # na kytku
8 #

15

4 6 4 8 # čas půlnoc komáři kostel kytka #
4 # půlnoční
6 # komáři v noci pískají
4 # o půlnoci
8 # na kytku si pověsili ceduli
8 # co si tam dali, už je jejich věc
4 # ať si jí
6 # pověsí kamkoli
8 # je to jejich dům a jejich kytka
4 # je jenom jejich
2 # a jenom tvoje
4 # co si z kytky vezmeš
