----------------- GPT2_oscar ------ DatasetType.ENDS_AND_WORDS ----------------
cuda available.
==========  GPT2_oscar_ENDS_AND_WORDS_lyricist_0_32.pt ==========

1

ví nám tel sám # čas půlnoc komáři kostel kytka #
mi # s tebou ještě jednou večer zůstanu
tě # s tebou možná navždy zůstanou
te # tak jen vydrž
sám # už není čas ptát se sám
sám # když je zima tak tam půjdu sám
věc # ale já nejsem ten pravý čas na rozdávání
sám # já neumím se smát sám
vím # že jsem ten pravý
sám # já nevím a tak se modlím ještě tišeji


2

ví nám tel sám # čas půlnoc komáři kostel kytka #
te # a proč nám zbývá jen půlnoc
nám # už se nekumuluj ty čas s větrem
tel # my nejsme komáři
sám # teď můžem si povídat sám
sám # teď můžem si povídat za chvilku sám
sám # a nikdo nás nevynesí dál náš starý čas nám sám
sám # v chrámě není nikdo s námi
sám # není žádný s námi s větrem náš

3

ví nám tel sám # čas půlnoc komáři kostel kytka #
tí # každý den je jiný
me # my máme svůj kostel
trojlístek # naše máti
sám # žes chodil po kostele sám
sám # kdo jsi jen jeden
sám # a v kostele se stýská
sám # kdo jsi sám
sám # každý je sám
sám # kdo je sám
ci # sám
ci # sám. sám. sám. sám. sám. sám.“

4

ví nám tel sám # čas půlnoc komáři kostel kytka #
vo # vstává slunce ze země
tě # z lucerny do kostela
píš # vstává čas půlnoční
sám # z kostela k ránu
sám # vstává čas půlnoční
sám # z kostela k ránu
sám # z kostela k ránu
sám # z kostela k ránu
sám # z kostela k ránu
sám # z kostela k ránu
sám # z kostela k ránu
sám # z

5

ví nám tel sám # čas půlnoc komáři kostel kytka #
tů # za dveřmi kostelů
ní # a motýů
tí # my všichni se budeme dívat
sám # co kdo udělá sám
sám # tak z okna okna se dívá sám
sám # to nám jen povíš sám
sám # hej hej hej hej hej hej hej hej hej hej hej hej hej hej hej hej hej hej hej hej hej hej hej hej hej hej hej #
ti # s nima budem spát
sám

6

ví nám tel sám # čas půlnoc komáři kostel kytka #
nám # až usneš a ty už
tá # jsi sám
to # já za svůj čas udělám to
sám # proč se se mnou nechce stát jenom sám
sám # proč se s ním nechce stát jenom sám
sám # proč se s ním nechce stát jenom sám
sám # co je to to
zná # že to není ten poslední zázrak
vím # až usneš a ty už jsi sám
sám #

7

ví nám tel sám # čas půlnoc komáři kostel kytka #
tíh # už to bylo dávno
tíh # a my už jsme s tím hotoví
to # a my už jsme
sám # a tak jsme s tím hotoví
sám # a tak si s ním pohrajeme
zal # ale jak tak na to koukám
sám # a tak si si s ním pohrajeme
zal # a tak si s ním pohrajeme
zal # a tak si

8

ví nám tel sám # čas půlnoc komáři kostel kytka #
ví # za týden za svítání
nám # a tak usínám sám
ít # jen tak z povzdálí pozorovat
sám # ve tmě a v noci sám
sám # je to na mě moc
sám # abych nebyl sám
sám # a aby měl to tajemství sám
sám # nikdo za mě nemůže
sám # a tak se v neděli vrátí svatý
sám # tak ať na nás čeká ten správný čas

9

ví nám tel sám # čas půlnoc komáři kostel kytka #
tí # už mám hotovo
vem # a už mám na nebi napsáno, že je půlnoc
tí # na nebi napsáno, že je půlnoc
sám # že s tebou to je krásný
sám # že je půlnoc
ak # tak už mě nic nenapadá
sám # na nebi napsáno, že je půlnoc
ak # tak už mě nic nenapadá
nám # když se tak dívám
sám #

10

ví nám tel sám # čas půlnoc komáři kostel kytka #
ví # čas půlnoc není čas půlnoc
me # není
tel # proč tu jsme
sám # pro to, abych na něm sám
sám # pro to, abych na něm sám

sám # pro to, abych na něm sama

své # když to však jde potají a marně sám
sám # pro to, abych na něm sám
na # pro to, abych tu sám
sám

11

ví nám tel sám # čas půlnoc komáři kostel kytka #
tí # ve dvě v šest ráno si do kostela zavři
ví # to vím
tel # že do kostela zavítá celý svět
sám # když je ten čas večer
sám # jen se houpu v sakristii a tiše vklouznu sám
tí # nikdo z nás tu není sám
kytek # jak v kostele
kytka # v sakristii a tiše vklouznu sám
sám #

12

ví nám tel sám # čas půlnoc komáři kostel kytka #
tí # už si připadám jak motýl
nám # že půlnocí
tek # a pak zase ráno už usíná a já
sám # že mám na to svůj čas sám
sám # tak už se mi
sám # tak si mě zase zase sám nesejdem #
sám # a už se mi tak tak nakaká
sám # že ten čas půlnoc a slunce si tak hezky spolu


13

ví nám tel sám # čas půlnoc komáři kostel kytka #
te # za chvíli přijdou do kostela
zem # zavolej si za chvíli
tel # za chvíli přijdou do kostela
sám # za chvíli přijdou do kostelu
sám # za chvíli přijdou do kostelu
pak # za chvilku přijde na tu noc za oknem
sám # za chvíli přijdou na tu noc za oknem
sám # za chvíli přijdou na tu noc za oknem
sám # za chvíli přijdou na tu noc za oknem

14

ví nám tel sám # čas půlnoc komáři kostel kytka #
vám # vím
ě # že večer v kostelíku bude ještě víc komárů
tel # na to se těším
sám # a že večer v kostelíku bude ještě víc komárů
sám # a že večer v kostelíku bude ještě víc komárů
sám # a že večer v kostelíku bude ještě víc komárů
sám # a že večer v kostelíku bude ještě víc komárů
sám # a že večer

15

ví nám tel sám # čas půlnoc komáři kostel kytka #
ví # v kostelíčku se scházívám já
tě # s ním jsem v kostele
vem # v kostele jsem jak malý
sám # jenom já sám
sám # jen já sám
vám # jen já sám
sám # jenom já sám
vám # jen já sám
sám # jak malý jsem já sám a jsem jako malý sám
sám # sám
sám # jak malý jsem já sám
sám # sám
==========  GPT2_oscar_ENDS_AND_WORDS_lyricist_1_32.pt ==========

1

ví nám tel sám # čas půlnoc komáři kostel kytka #
nám # no tak si to rozhlídni
tí # a počkej až skončí půlnoc
te # ty to dobře víš
sám # a až potom mě můžeš zas vrátit do kostela sám
sám # jestli se vrátím z hospody sám
zí # tak zmoknu zeší
sám # až potom mě můžeš zas vrátit do kostela sám
zí # tak zmoknu zeší
zí # tak z

2

ví nám tel sám # čas půlnoc komáři kostel kytka #
ti # je tu stále noc
ví # komáři si nás z kostela zvou
tel # jen co se nám zavře
sám # to si pamatuj
sám # já jen sám
sám # jsem z toho jak jsem sám

ský # vždyť svět kolem světa je náš
sám # ten můj stín tu leží už od konce svého stvoření
ský # tak mě na to ještě nezvou ten můj stín
ný

3

ví nám tel sám # čas půlnoc komáři kostel kytka #
tel # tak jako jindy
nám # já chtěl mít po nocích
te # co vás už nezabijou
sám # v kostele je tma
sám # na schodech k nám
sám # v kostele je tma
sám # v kostele je tma
sám # v kostele je tma
sám # v kostele je tma
sám # v kostele je tma
sám # v kostele je tma
sám # v kostele je

4

ví nám tel sám # čas půlnoc komáři kostel kytka #
mě # v kostelíku čas půlnoční je
ě # kéž není slyšet
von # který má na kostele zvony
sám # já sám
sám # sám,sám
sám # sám,sám,sám # sám,sám
sám # sám,sám
sám # sám,sám,sám...
sám # sám,sám,sám...sám...sám...sám...sám...sám
sám # sám,

5

ví nám tel sám # čas půlnoc komáři kostel kytka #
si # teď, teď
to # to
tek # to by mě z komárů
sám # kdyby mi nešli na pomoc i kamarádi
sám # aby mi neublížili
sám # když se mnou bude chtít mi jít na pomoc
sám # když se mnou bude chtít mi jít na pomoc i kamarádi
sám # když se mnou bude chtít mi jít na pomoc i kamarádi
sám # když se mnou bude chtít

6

ví nám tel sám # čas půlnoc komáři kostel kytka #
vám # já chodím stále
to # proč mi to všechno
sám # kdo nemá čas
sám # sám a jak to tak bývá
sám # sám a jak to tak bývá
vím # že nemám čas sám to říct
sám # sám a jak to tak bývá
vím # že nemám čas sám to říct
sám # sám a jak to tak bývá
vím # že nemám čas sám to říct
sám # sám

7

ví nám tel sám # čas půlnoc komáři kostel kytka #
vět # za chvíli se vrátí
trum # z oken kostela vyskakuje ptáček komárů
ět # už je půlnoc
sám # do kostela se vracím sám
sám # tak už vkročí čas do oken
sám # tak už je půlnoc
sám # tak už je půlnoc

sám # tak už je půlnoc

sám # tak už je půlnoc

sám #

8

ví nám tel sám # čas půlnoc komáři kostel kytka #
to # když to vidím
ví # že večer
tel # už se stmívá
sám # to jsem já
sám # to je ta kytka
sám # to je ten kostelník bez oken, bez střechy
sám # to jsem já
to # když to vidím
sám # to jsem já
to # když se stmívá
sám # to je ten kostelník bez oken, bez střechy
já #

9

ví nám tel sám # čas půlnoc komáři kostel kytka #
tí # to jsem rád
me # a ptá se nás
tel # i když náš čas nám stále nedošel
sám # z okna jen čekám
sám # do kostela si tě posílám sám
sám # z okna jen čekám
sám # ze mě k nám zavolej sám
ký # z okna jen čekám
sám # mám v duši ďábla jen sám
sám # jen čekám
sám # jen čekám
sám

10

ví nám tel sám # čas půlnoc komáři kostel kytka #
to # jak si všichni rádi povídám no to
ť # a pak zas zavřu kostel
tel # a já jen stojím po boku svý holky
sám # jak mi do očí stéká
sám # že mám s tebou trpělivost
sám # a tak se ptám sám
jak # proč jsem tak sám
sám # jak proč sám
jak # proč sám sám
jak # proč sám
já # proč sám jsem

11

ví nám tel sám # čas půlnoc komáři kostel kytka #
vám # tak tu sedím a mám
tvím # a tak se z komárů stává housenka
tí # a motýli se z kostelíku
sám # a jen když je tu sám
sám # a pak z oken kostelíka
sám # a když je tu sám

sám # a pak z oken kostelíka
ní # a z oken kostelíka
sám # a když je tu sám
ní

12

ví nám tel sám # čas půlnoc komáři kostel kytka #
ví # shledávám půlnoční
me # kostel má duši na dlažbě kostelní
tel # sbohem más náš
sám # vždyť já vím jak moc jsi k nám časný
sám # že jsme si to tak všichni rozmysleli
sám # vždyť já víš že jsi tak strašně moc k nám časný
tel # že jsme si to tak všichni rozmysleli
sám # vždyť já víš že jsi tak

13

ví nám tel sám # čas půlnoc komáři kostel kytka #
vím # že jsi můj čas
tín # a že tě znám
to # jak se tam ztratím a v kostele na tu kytku jen pokývám
sám # po ránu koukám na tě
sám # po dlouhý době jdu k tobě do kostela sám
tý # já tě hledám
sám # a co bych ti to řek # to bych se ti ztratil
nic # jen sám
byl # až bude sám a

14

ví nám tel sám # čas půlnoc komáři kostel kytka #
me # náš čas si
v # ten den jsme v
tm # kostel máme
sám # ten čas
sám # ten čas jsme
sám # ten čas jsme
sám # ten okamžik si v duchu vychutnávám
víc # každý jiný
sám # ten okamžik si v hlavě už z dálky
sám # mám svůj chrám a svůj čas a svůj čas, vím
víc # že už vím
víc # že

15

ví nám tel sám # čas půlnoc komáři kostel kytka #
ní # čas půlnoční jsme všichni
ví # kostel světla ví
tak # a slunce se směje jak malé dítě
sám # s ním, sám
sám # s ním
sám # s ním, sám, sám, sám
sám # s ním, sám, sám
sám # sám, sám, sám, sám
sám # sám, sám, sám, sám, sám
sám # sám, sám, sám
==========  GPT2_oscar_ENDS_AND_WORDS_lyricist_2_32.pt ==========

1

ví nám tel sám # čas půlnoc komáři kostel kytka #
nám # do kostela na půlnoc se podívej
vám # já vím
tek # až se vrátí z dálky
sám # kdo se do kostela podívá
sám # kdo si jen na mě vzpomene
sám # kdo mi zas zazpívá
sám # kdo za mnou přijde se poklonit sám
kám # to je však na věky
sám # na mě se zas usměj a tiše poď sám
sám #

2

ví nám tel sám # čas půlnoc komáři kostel kytka #
tě # já jsem měl půlnoční
ví # kdo přišel už jednou
tel # sám se do kostela
sám # byl noc s náma
sám # já jsem měl půlnoční
kytka # co zkrotla v kostelech
sám # jsem měl půlnoční
kytka # co zkrotla v kostelech
zem # ve městě
sám # jsem měl půlnoční ptáče
kostel # a ve

3

ví nám tel sám # čas půlnoc komáři kostel kytka #
nám # kdo nám čas
sí # že vstane
tů # tak vstane
sám # to není možné
sám # jen na sebe se dívám
sám # proč si to nenecháme
sám # to nikdo neuhádne
sám # jen na sebe se dívám
vám # a je mi jasné kolik času
sám # že tady nikdo se mnou není sám
vím # kolik času strávím jen sama se sebou

4

ví nám tel sám # čas půlnoc komáři kostel kytka #
ní # my jsme v kostele jen půlnoční
tí # a ty komáry ti máme v sobě
tel # už máme v sakristii
sám # a ty komáry ti mám v sobě sám
sám # a ty komáry ti mám v sobě sám
kytek # ten kostel je na věži a já mám jenom kytku
sám # a ty komáry ti mám v sobě sám
vím # a ty

5

ví nám tel sám # čas půlnoc komáři kostel kytka #
má # jak jsi k nám přišel večer
vem # jen do kostela
tel # tak tu máš půlnoc
sám # já se s tebou loučím
sám # ty nám řekni svoje tajemství
sám # já se s tebou loučím
vím # jak mi stačíš sám
byč # jak mi stačíš sám
sám # ty nám řekni svoje tajemství
sám # ty nám řekni svoje tajemství
sám # ty

6

ví nám tel sám # čas půlnoc komáři kostel kytka #
vím # a já jsem ten jediný s kým můžu spát
ní # jen tu noc s komáry
tám # a když si tak zaprším
sám # že se zmoudřim
sám # a já jsem ten jediný s kým můžu mít klid
kůň # kytku a kytku a
kytka # kytku

sám # a já jsem ten jediný s kým můžu mít klid
sám #

7

ví nám tel sám # čas půlnoc komáři kostel kytka #
to # se to
ní # když se to
tam # to tam
sám # to je můj svět
sám # z toho
sám # že se tam můžu
sám # že se tam můžu taky
sám # že jojo, i to si dám k jídlu
sám # jójo tak to je můj svět i když já ne já jdu spát, jóho hej hej hej hej hej hej hej hej hej hej

8

ví nám tel sám # čas půlnoc komáři kostel kytka #
vím # vím
tvůj # tvůj tvůj
tel # že jsme tě naposled viděli
sám # že ten kostel je můj
sám # vím
byl # že jsi poslední z nás
sám # že jsi poslední z nás
byl # tak už nic neříkej
sám # že jsi poslední z nás
byl # tak už nic neříkej
byl # tak už nic neříkej
byl # tak už nic neříkej

9

ví nám tel sám # čas půlnoc komáři kostel kytka #
tá # v kostele se blýská na den
cí # už půlnoc přichází
tom # z kostelní věže zas zvon
sám # jak malý malej malý komár ve zvyku
sám # z kostela zas zvon
sám # jak malý malý komár ve zvyku
sám # z kostelní věže zas sám
sám # z kostelní věže zas sám

sám # z kostelní věže zas sám /sám
sám

10

ví nám tel sám # čas půlnoc komáři kostel kytka #
ví # v kostele na kytce
kám # pak se loučím s nima
 tel # a hned vstávám
sám # že už nejsem sám
sám # že nejsem sám
sám # že nemám se co ptát
sám # na kostelní zvony
kam # se ptám
sám # na kostelní zvony
kam # se ptám
sám # co mi zbývá
vím # už jsem sám
sám # ty už

11

ví nám tel sám # čas půlnoc komáři kostel kytka #
nám # jsme se rozloučili
ví # a za hodinu jdeme na hřbitov
tony # v kostelní věži s košem vína
sám # já si projdu kostel a potom budem zpívat společně
sám # náš kamarád
vám # ten čas přijde až za hodinu a pak přijde zas
sám # já se na chvilku pomodlím tiše
já # ten čas přijde až za hodinu a potom přijde zas zas zas zas

12

ví nám tel sám # čas půlnoc komáři kostel kytka #
nám # v kostelíku
te # v kostele
nám # v kostelíku
sám # v kostelíku
sám # v kostelíku
kám # v kostele znám
sám # v kostelíku znám
lý # v kostelíku znám
sám # v kostelíku znám
ky # v kostelíku znám
sám # v kostele znám znám
lý # v kostelíku znám
ky # v kostele znám
sám #

13

ví nám tel sám # čas půlnoc komáři kostel kytka #
mý # v půl pátý
tem # za kostelem
to # ve čtyři ráno
sám # do kostela s tebou musím jít sám
sám # do kostela s tebou musím jít sám
vám # tak teď se loučím
sám # s tebou musím jít sám
nás # kostelíka s tebou můžu mít
sy # tak se loučím
sám # s tebou musím jít sám
nám # tak se loučím s

14

ví nám tel sám # čas půlnoc komáři kostel kytka #
má # v kostele je půlnoční čas
tí # je v tom už půlnoc
tom # v kostele je půlnoční čas
sám # v kostele je půlnoční čas
sám # v kostele je půlnoční čas
sám # v kostele je půlnoční čas
sám # v kostele je půlnoční čas
sám # v kostele je půlnoční čas
sám # v kostele je půlnoční čas
sám # v kostele

15

ví nám tel sám # čas půlnoc komáři kostel kytka #
mi # a ten už dávno ztratil naději
tí # no na to si holt ještě hrát
von # ten vstává do tmy
sám # už dávno ztrácí chuť si s někým hrát
sám # sám

nám # no já si teda s někým hrát budu
sám # mám sám
nám # s někým hrát budu
vám # kdo by tu ještě jednou byl sám
vám # a my přece v kostele budem

==========  GPT2_oscar_ENDS_AND_WORDS_lyricist_3_32.pt ==========

1

ví nám tel sám # čas půlnoc komáři kostel kytka #
tám # když už slunce pálí
te # ať se tam se mnou
vo # klidně tam zavítej
sám # vždyť mi znáš co mám rád
sám # ať se tam se mnou
zvo # já zas vím, kdo je to můj komár
kytka # kam chodím, to víš, už je tma už klepala se na mou tvář
sám # vždyť si říkám já zas sám

ný #

2

ví nám tel sám # čas půlnoc komáři kostel kytka #
tí # kdo tu noc zahlídne zvony
se # s tebou
to # my tady ještě pořád jsme tu sami
sám # se svým otcem
sám # a se svým otcem
sám # a se svým otcem
sám # a se svým otcem
sám # a se svým otcem
sám # a se svým otcem
 a se svým otcem

 a se svým otcem
a # s vlastním otcem
a #

3

ví nám tel sám # čas půlnoc komáři kostel kytka #
ví # jak se čas schází
tí # z kostele stoupá nám
tů # v jeho stínu
sám # se svou partou
sám # na sebe
sám # já sám
sám # na sebe
sám # na sebe, na sebe, na sebe, na sebe, na sebe, na sebe, na sebe
sám # ve své samotě
sám # jak se do té doby s tebou loučíme
sám #

4

ví nám tel sám # čas půlnoc komáři kostel kytka #
te # jen na to pozor
nám # až tě uvidí stát
to # a potom až zas zavítá slunce
sám # vždyť i já ti do toho vrazím sám
sám # vždyť i já ti do toho vrazím sám
je # vždyť i já ti do toho vrazím sám
sám # vždyť i já ti do toho vrazím sám
sám # vždyť i já ti do toho vrazím sám
sám

5

ví nám tel sám # čas půlnoc komáři kostel kytka #
tvék # když jsi můj kamarád
tě # a jak čas zapadá
můj # můj čas
sám # když jsi můj kamarád
sám # když jsi můj
sám # když jsi můj
vím # já sám znám
sám # když jsi můj kamarád
sám # když jsi můj
vím # já sám znám
vím # já sám znám
sám # když jsi můj kamarád
sám # když jsi můj


6

ví nám tel sám # čas půlnoc komáři kostel kytka #
tí # všichni to zvládnem
tem # večer až do rána
te # až nás slunce zažene
sám # až na malou holku zbyde sám
sám # až na malou holku zbyde sám
vám # na kolenou si pomočím
sám # až na malou holku zbyde sám
sám # až na malou holku zbyde sám
sám # až na malou holku zbyde sám
sám # až na

7

ví nám tel sám # čas půlnoc komáři kostel kytka #
tel # za pět minut se setmí
nás # už nebudem stát
ít # a nebudeme chodit spát
sám # budem si rovni sám
sám # budem si rovni sami
kytka # bude hrát muzika
sa # nám zpívaj čertíci s čerty s čertů s čerty s čerty s čerty s čerty s čerty s čerty s čerty s čerty

8

ví nám tel sám # čas půlnoc komáři kostel kytka #
vám # jak na půlnocí už není nic
tím # jak já bych navečer chtěl tu noc s tebou
te # v kostele, jak se tu v mrákotách
sám # ve snu
sám # s tebou sám

vím # na půlnoc, co je zas zítra
sám # s tebousám

nám # jak ti chci dát
sám # s tebousám
nám # jak bych na

9

ví nám tel sám # čas půlnoc komáři kostel kytka #
tí # v noci vcházíš do chrámu
věř # až se půlnoc vrátí
tel # ten, kdo slyší
sám # to čekání se mnou
sám # kdo věří a kdo nežije a netuší
sám # kdo to všechno zažil
pak # a jak nám řekl kněz a já se ptám já sám
sám # kdo věří a kdo nežije a netuší
já # já, já, já, já

10

ví nám tel sám # čas půlnoc komáři kostel kytka #
ní # když je půlnoc
tám # ale to není tajemství
teč # co se skrývá za kostelem
sám # sám sám si
sám # a vím to sám
sám # a vím to sám
sám # a vím to sám
a # sám
sám # a vím to sám
a # sám sám sobě i sám sobě i sám sobě i sám sobě
sám # a vím to sám sám sám
a

11

ví nám tel sám # čas půlnoc komáři kostel kytka #
tě # že nám to nejde
tí # ale čas běží dál
tek # jak jsme byli malí
sám # já sám
sám # sám

 # na kolenou k nám zašlape
sám # vždyť to zas budem dělat každej týden z domova
sám # sám


na # no tak se neboj já mám v sobě už jenom jedno srdíčko
sám # sám

na # no tak se neboj

12

ví nám tel sám # čas půlnoc komáři kostel kytka #
tě # tak to zas jednou přijde
sí # že čas do půlnoci je krásný
tó # tam nás potká
sám # a tak jen tiše sbohem sbohem sám
sám # a tak jen tiše sbohem sbohem sám
sám # a tak jen tiše sbohem sbohem sám
sbohem # tak to zas jednou přijde
sám # tak jen tiše sbohem sám
sbohem # tak to zas jednou

13

ví nám tel sám # čas půlnoc komáři kostel kytka #
ní # s náma v ruce je půlnoc
nám # na který budem vzpomínat
tel # náš kostel
sám # i když to s ní nemá nic společného
víc # a nikdo se nemusí bát víc
sám # že do kostela nevkročíme
kytka # nikdo z nás nic mít nebude
sám # a s náma tam nebude nikdo víc
kytek # nikdo nemá žádný z nás z nás nic mít nebude


14

ví nám tel sám # čas půlnoc komáři kostel kytka #
tý # v ulicích kolem kostela
vám # a večer v něm čekám
tel # tak tiše v něm jsem
sám # já však s tebou jsem
sám # v tom svém bystře a v tichém a tichém
sám # s tebou jsem sám


sám # v tom svém bystře a v tichém a tichém

čím # ale teď s tebou já sám
vím # vždyť je to

15

ví nám tel sám # čas půlnoc komáři kostel kytka #
me # v kostele
píš # já mám svůj rukopis
tám # já mám svůj rukopis
sám # a já to rád udělám sám
sám # já to rád udělám sám
sám # ona to ráda udělá sama jsem pak sám
sám # ona to ráda udělá sama jsem pak sám
sám # ona to ráda udělá sama jsem pak sám
sám # ona to ráda udělá sama jsem pak sám

sám # ona to
==========  GPT2_oscar_ENDS_AND_WORDS_lyricist_4_32.pt ==========

1

ví nám tel sám # čas půlnoc komáři kostel kytka #
zem # ten kostel
nás # na to se ptá i ten náš
tel # my vám odpovíme
sám # a my vám dáme jen jeden telefon
sám # a my vám dáváme jen ten váš kostel
kytka # je to malá kytka
starej # a já vám jen dal ten náš koste
sám # a my vám dáme jen ten náš kostel

kytka # je to malá ky

2

ví nám tel sám # čas půlnoc komáři kostel kytka #
tů # na věži kostela
nám # když se ptá se mne
tel # ptám se ho
sám # na jeho otázku
sám # na jeho otázku na závěr
sám # na tom podivném ptá se mě
sám # na tom podivném ptá se mě
sám # na tom podivném ptá se mě
sám # na tom podivném ptá se mě
sám # na tom podivném

3

ví nám tel sám # čas půlnoc komáři kostel kytka #
tí # když nás komáři zvou
vem # kdo se ptá
tel # ať si k nám zaběhne k nám
sám # a co chvíli se zeptá
sám # na čí je čas
sám # na čí je ten váš kostel
kam # a komu já volám domů
sám # v tom lepším světě tam na nás svítí
sám # a když se zeptá na čí je náš kostel
kam # a nám

4

ví nám tel sám # čas půlnoc komáři kostel kytka #
ví # to je na to čas
nám # čas půlnoční
tom # už to začíná
sám # to vím
sám # že bude líp
sám # a bude líp
kytka # kytka
látek # jak se ty motýli nahoučknou
kytka # kytka
kytka
kytka # kytka
kytka
kytka # kytka
kytka # kytka

5

ví nám tel sám # čas půlnoc komáři kostel kytka #
vo # za pár slov
mi # je noc jak v kostele
s # po dvou letech
sám # je půlnoc jak v kostele
sám # není půlnoc jak v kostele
sám # není půlnoc jak v kostele
sám # není půlnoc jak v kostele
sám # není půlnoc jak v kostele
sám # není půlnoc, co bys chtěl k ránu říct sám

mi # byl jsem v

6

ví nám tel sám # čas půlnoc komáři kostel kytka #
nám # proč si tak často nenechám
nám # proč si tak často nenechám
 tel # tak prosím řekni mi
sám # to už jsem doma sám
sám # kdo by chtěl mi říct
sám # já přece vím co ti na něm bude chybět
sám # já s tebou mám své plány
sám # já tebe znám a jak víš
 sám # ty sám

sem # já tě znám a jak víš

7

ví nám tel sám # čas půlnoc komáři kostel kytka #
me # už máme pro tebe půlnoční čas
sme # náš kostel
tát # naše modlitby
sám # s tebou mě nech už jít
sám # jen co vyjdeme domů
sám # jen co vyjdeme domů sám
kám # to všechno v ten půlnoc zas budu stát
sám # mám v tu chvíli jistotu
sám # nemám v tu chvíli jistotu
sám # nemáš v tu chvíli jistotu
sám # nemáš

8

ví nám tel sám # čas půlnoc komáři kostel kytka #
ší # až přijde noc
voce # už tu bude jen tma
tane # a slunce svítí
sám # už tu zůstane sám
sám # už tu zůstane sám
nic # zas a zas nic
sám # už tu zůstane sám
nic # zas a zas nic
ně # vždyť svět je přece jenom jiný
sám # už tu zůstane sám
nic # zas a zas nic
ně # vždyť svět je

9

ví nám tel sám # čas půlnoc komáři kostel kytka #
věcí # v kostele sv. Víta
ní # za chvíli už se stmívá
tel # a já mám sám
sám # v tom davu
sám # v tom kostele
sám # a já mám sám

ký # a vtom kostelíku
ký # a vtom kostelíku
ný # a vtom kostelíku
ný # a vtom kostelíku
ný # a vtom kostelíku


10

ví nám tel sám # čas půlnoc komáři kostel kytka #
ní # kostel se zavírá
tá # ten komár má na nohou kytku
sím # to mi stačí
sám # na noc zas zajdu
sám # a už za mnou zůstaneš sám
sám # a už za mnou zůstaneš sám
sám # a už za mnou zůstaneš sám
sám # a už za mnou zůstaneš sám
sám # a už za mnou zůstáváš sám
sám # a

11

ví nám tel sám # čas půlnoc komáři kostel kytka #
ti # my teď všichni ti
tati # máme na stole na půlnoční
cí # co nás k ránu pálí
sám # nikdo na nás nezdědil
sám # nikdo na nás nezdědil
ně # my si tu kytku na památku nechme
sám # každý s důvěrou sám
sám # ať si to každý zkusí sám
symbol # i z nás může se stát
kytka #

12

ví nám tel sám # čas půlnoc komáři kostel kytka #
tíš # tak v sedm večer a já tě ztratím
tíš # tak v sedm večer a já tě ztratím
tel # já tě ztratím
sám # tak v sedm večer a já tě ztratím
sám # tak v sedm večer a já tě ztratím
sám # tak v sedm večer a já tě ztratím
sám # tak v sedm večer a já tě ztratím
sám # tak v

13

ví nám tel sám # čas půlnoc komáři kostel kytka #
tů # každý z nás musí mít chvíli čas na to vrátit se
ní # abychom si mohli pohrávat s myšlenkou na tu naši půlnoční
tek # pak se zas vrátit nebudeme chtít
sám # máme čas jen pro sebe
sám # a na nic si nehrajem sami se
sám # a svět se točí sám
nic # co kolem nás nic zůstává nic není
nic # než tma
nic # co okolo

14

ví nám tel sám # čas půlnoc komáři kostel kytka #
to # tak to
ví # teď už zase na nás zvon
to # tak to
sám # za oknem se svítá
sám # za oknem se svítá
sám # za oknem se svítá
tom # takhle to se stává
ný # já jen tiše s ním s vámi
sám # za oknem se svítá
tom # takhle to se stává
nám # já jen tiše s ním s vámi s

15

ví nám tel sám # čas půlnoc komáři kostel kytka #
tel # a když k ránu zvon
něz # tak zas zavři oči
sám # tak s ním a pak se k nám na tu noc sám
sám # počkám až zas zazvání sám
ný # no nic není
sám # a jen tu noc tu kytku zavřu sám
něz # ten můj čas půlnoční
kytka # tu mi nikdo neukrad
sám # to můj
