----------------- tinyLlama ------ DatasetType.CHARACTERISTIC_WORDS ----------------
cuda available.
==========  tinyLlama_CHARACTERISTIC_WORDS_lyricist_0_32.pt ==========

1

<s> 4 # čas půlnoc komáři kostel kytka #
1. # půlnoční den je
2. # kdy není jinakej den ani život
3. # a kytku na kostela
4. # komářích hříchů není dost ani dým křížů dlaní dým v noci přenášel mám a mít víc nezadává

2

<s> 4 # čas půlnoc komáři kostel kytka #
1. # a když v půlnu přicházíš
2. # a k těm komárem vodíš
3. # ten čas a kostel v nás
4. # i když z mě staletí plynem kytku krájevnou smaženou na kostele svídnáma nalovou

3

<s> 4 # čas půlnoc komáři kostel kytka #
1. # půlnoť je velká
2. # častý jsou připojit se k kostele
3. # zazývat se na čas to je všude
4. # těžko v zemi chlapek jenom kytku hrají přeci si rozzářují se nocí ostrý

4

<s> 4 # čas půlnoc komáři kostel kytka #
1. # půlnoční kostel a někdo je někdy víc
2. # a co se to dožije
3. # a co se to točí
4. # zůstane můj cíl půlnoční případ ztracený tma moc sám a v dálce kytka kř

5

<s> 4 # čas půlnoc komáři kostel kytka #
1. # až půlnoční kostel
2. # v kostele
3. # až tě kostelek
4. # zrovna tě kostelek dává do ruky, aby mu někdy přehlídka ujíždíla od mě ve jiné obou cestách, abychom zůstal

6

<s> 4 # čas půlnoc komáři kostel kytka #
1. # půlnoční zpět
2. # komáři po kostele
3. # hnusný kýl se k sobě táhne
4. # až někdy zazáří těla pálavá z časů dobytých pod zemí nad hlavou a máků z oken spát

7

<s> 4 # čas půlnoc komáři kostel kytka #
1. # že by se často v půlce zlila
2. # i svetovali nás čas
3. # i kdyby chlazi dášo hlasy
4. # i já se často toulala a z kostela kytku vzít moham dneska rvát, rvát rv

8

<s> 4 # čas půlnoc komáři kostel kytka #
1. # kýl kostela půlnoční
2. # a noc naše píseň
3. # která napsal jsem já
4. # kytka z časů pár do nás je tohle těžko známá rychlá přicházka do kouřova kouta sedá na

9

<s> 4 # čas půlnoc komáři kostel kytka #
1. # přešli jsme pohoda
2. # na kostela půlnoční
3. # přešli bych si do mě
4. # komířím za kytkou můj pane, za komířím za kytkou můj pane, za komířím za komíř
5.

10

<s> 4 # čas půlnoc komáři kostel kytka #
1. # komáři je přivoní
2. # půlnoční sníh převálčící kostel hřbétů vlasů
3. # cestou se přidívám
4. # kde mě sama pátrám jak kdy mám rád zlatý čas tě mám rád tě m

11

<s> 4 # čas půlnoc komáři kostel kytka #
1. # to je čas
2. # kdy do kostela skytá kytka
3. # ztichlá půlnoční tma hladí kaluží
4. # mlha u nás jdou komarii zpívá písničku mně hladí rány dýmky vodou do tě

12

<s> 4 # čas půlnoc komáři kostel kytka #
1. # komáři půlnoční
2. # už jesdou třetí
3. # když z kýlů střechy slunce táhne
4. # dává komáři půlnoční tělo a kostel své kýlám dál na tělo zůstal

13

<s> 4 # čas půlnoc komáři kostel kytka #
1. # dělej co ti dojde čas
2. # už jsou ty
3. # už je připrava na káva komáři
4. # u tebe kostelíčků krásných je čas přenést síly před svatým kostelem půlnoční sváním zavírat n

14

<s> 4 # čas půlnoc komáři kostel kytka #
1. # po všem těchhlech nátražičkách
2. # půlnoci do kostela zas klišouří
3. # a kdo dojde po něm riziko
4. # dojdem k nám kytku komárek zavinul zboží do zemi prý mě

15

<s> 4 # čas půlnoc komáři kostel kytka #
1. # a já pohromaže
2. # z kostela svíráme
3. # někdo na naší bílo dřímá
4. # někdo přináší vás čas o půlka vteřináctý a komárům roztočí kytku praní v noci a
==========  tinyLlama_CHARACTERISTIC_WORDS_lyricist_1_32.pt ==========

1

<s> 4 # čas půlnoc komáři kostel kytka #
1. # když půlnoční
2. # na kostele čas
3. # kytku hlavu stáhnu tam ven
4. # tam kde jsou komáři a chápěři, je čtverec a dravce dva je na rámě s kostelíkem na ním sedýlka je tam

2

<s> 4 # čas půlnoc komáři kostel kytka #
1. # půlnoční komáři
2. # tys kostelní
3. # jezdíš pár mil
4. # na hlasy rozbrané kytčičku po dveřích dáváš mně dovolenému častěláře času mám jinakdy jistě přej

3

<s> 4 # čas půlnoc komáři kostel kytka #
1. # přesnou prachy půlnoční
2. # hravě je přečetla tkaní sek
3. # a tlustá křesej kostela
4. # táhnu kytku zase k němu jít dětsky sám spět tam k němu já děje si dát

4

<s> 4 # čas půlnoc komáři kostel kytka #
1. # je komu není čas
2. # je komu není čas
3. # půlnoční je kostelní dveře
4. # kytku kostelní už čeká a vůbec nežije ona na půl na prašné skály nesnáším kus větrem a moc

5

<s> 4 # čas půlnoc komáři kostel kytka #
1. # když je
2. # tvoje město v kostele půlnoční
3. # tak už už nemějí komůrky
4. # kytařovány kostejnou dýchným času vůzy jsou z větví zklamaně stokřínou podobá se

6

<s> 4 # čas půlnoc komáři kostel kytka #
1. # půlnočních kytek v kostele se nevrátí
2. # když už jsou pryč dřelý ránové čas
3. # když jsou k sobě veliký hladi kosteli
4. # a když je těžko srovnat se s ním do časů

7

<s> 4 # čas půlnoc komáři kostel kytka #
1. # a jsi komáři půlnoční
2. # dál budeme se s námi stýtavat
3. # dál budeme báti se za svět
4. # ale z kostela k němu zavolávala do mě kytku cizíjí a z nálady šťastnej

8

<s> 4 # čas půlnoc komáři kostel kytka #
1. # půlnoční čas zní
2. # na kostele
3. # a všechnu z vás zítra nalézt
4. # kytku posílat spol kušimrákům mám rád třetí fáro mám rád třetí fáro mám rád t

9

<s> 4 # čas půlnoc komáři kostel kytka #
1. # půlnoční
2. # jsou komáři
3. # čas v kostele
4. # kytka očí svírá kámoše ranních lidí kdo chtí rád hrát na něj, jenže svírá
5. # že si ho nezalamuje žádný

10

<s> 4 # čas půlnoc komáři kostel kytka #
1. # a jó, když se přichází půlnoční čas
2. # k zemi ztracený čas často štříká
3. # na kostele mlžím kůň a mluzeni hrznou kytku
4. # noc je krásná a noc v dlouh

11

<s> 4 # čas půlnoc komáři kostel kytka #
1. # kytka půlnoční dána kostela táhne
2. # hrála si do něj kytku rád
3. # někdo v nás by nepořádek moc měl
4. # někdo se smrkne časem sama na čest hrály se stín

12

<s> 4 # čas půlnoc komáři kostel kytka #
1. # třes polední noci
2. # a návrat z kostela za městem
3. # kytku střechný
4. # jenom komára jsou tam a z nich žijou všechno oči na cestu převlečený časem se směrem do vás ukr

13

<s> 4 # čas půlnoc komáři kostel kytka #
1. # nikdy jsem nebyl kytek
2. # když přijel do kostela
3. # jenže čas dozpěvem
4. # půlnoči přijel ke mně zlatý vstříc půlnovému děčinskému jídlu komámůmámů

14

<s> 4 # čas půlnoc komáři kostel kytka #
1. # z kostela
2. # kytku půlkaždého času si připojí
3. # a když u něj už z tědlové cesty bída
4. # když přede mnou názvem zahajuje se čas vstávat, stává se m

15

<s> 4 # čas půlnoc komáři kostel kytka #
1. # co to bylo, to byl jsi celé zase
2. # půlnoční kostel nůžem v kytce
3. # který jsi dlaní rozlít moh
4. # a když se točila v ní čas, ten nechával dát a cestu pro komáře už
==========  tinyLlama_CHARACTERISTIC_WORDS_lyricist_2_32.pt ==========

1

<s> 4 # čas půlnoc komáři kostel kytka #
1. # a noc je přímá a kytku komáře štítródo
2. # a z kostela lúboří půlny do těla
3. # ještě nevrátím se zpět
4. # není to čas a nemám čas ten kýdou dát přímou větu

2

<s> 4 # čas půlnoc komáři kostel kytka #
1. # půlána kytku měl před komářama
2. # a v kostele často žil
3. # a napsal si snícům svůj den
4. # když měl čas jít jak půlnoční včasný čas včerním přízemí v očišci v o

3

<s> 4 # čas půlnoc komáři kostel kytka #
1. # půlnoční měkce smyčec kostela
2. # jsi s ním
3. # když jsi už spát cizí čas nezvadí
4. # všechno ti zahraje na ty pryč jazykovkou v káti hlavy mám rád to

4

<s> 4 # čas půlnoc komáři kostel kytka #
1. # půlnoční
2. # kytka
3. # z kostela na chodník
4. # od párty k kostelínu strátil komáři hrát doteků pustejch časů a všemu jen mírům pomoc dát přestat hřát já v sobě nemám

5

<s> 4 # čas půlnoc komáři kostel kytka #
1. # když do kostela půlní čas
2. # mívám kytku
3. # už se do kostela mějím
4. # děj sám sebou děj to třeš se budem hrozně budem taky děj zčistě ať jí neměj

6

<s> 4 # čas půlnoc komáři kostel kytka #
1. # půlnoční v kámenchách kostela jezdí
2. # kytku v pátrat s vysoko ve kýčároch šloud
3. # kterou dávám vzít
4. # jezdějí mikulášovčenci do nás a žádnej chlap co

7

<s> 4 # čas půlnoc komáři kostel kytka #
1. # já půjdu a křížem přestanu kráčet
2. # když čas převozů dní už nesvede
3. # tak z kostela vnímat kostela na děru
4. # komáři se kvetou na půlnoční skály dvojnásobnou

8

<s> 4 # čas půlnoc komáři kostel kytka #
1. # půlnoční
2. # v kosteli se dívám na tůni
3. # když ucházíme do rána
4. # až se komářům stvoří kytka dát na prachy dnes je to můj cíl mý je tu hlava v pohasínce svádím se

9

<s> 4 # čas půlnoc komáři kostel kytka #
1. # žádná kytka
2. # v kostele své
3. # půlnoční čas
4. # jen chladnej byl týden a dnes kdopak nezná kde cestu hlídá stromy celtáři vpustí do týden se jen k vám

10

<s> 4 # čas půlnoc komáři kostel kytka #
1. # tak zůstal čas
2. # v kostele co v půl
3. # kytku střílí
4. # čekej až komávám pojď s ním dojít a mít svůj půlnoc svůj počasí a svůj den a vzít nám kyť

11

<s> 4 # čas půlnoc komáři kostel kytka #
1. # na půlnoční
2. # na kostele starej vítr kytku hladí
3. # a z nich půjde zas jít
4. # že komáři časem stůjí dál jdoucůjducůjducůjducůjducůjduců

12

<s> 4 # čas půlnoc komáři kostel kytka #
1. # těch čtyř hřbetů můžu s kytkou pít
2. # půlnoční stůl kostela
3. # těch čtyř hřbetů můžu s kytkou pít
4. # půlnoční stůl kostela dějí svůj sv

13

<s> 4 # čas půlnoc komáři kostel kytka #
1. # komáři
2. # co tě žárem rychle potřetí
3. # přece že se v půlnoci tají
4. # hlavu a křídry a kostel v zlaté kupoli v kuře svatá a hlavu a křídry a kostel

14

<s> 4 # čas půlnoc komáři kostel kytka #
1. # na kostele kostela na pár noců
2. # překažený čas
3. # čas děra
4. # kdy přijdou kytky na kytku do dědience můj milý komáři a z nějž nechu mějte tu špáru své

15

<s> 4 # čas půlnoc komáři kostel kytka #
1. # půlnoční čas byl můj kámoši
2. # všechno kouřovalo kostel a kosteláky
3. # i kámoš
4. # i kámoši by neměla ráda chtít dva křiky kytoší od vzteku zkrotit
==========  tinyLlama_CHARACTERISTIC_WORDS_lyricist_3_32.pt ==========

1

<s> 4 # čas půlnoc komáři kostel kytka #
1. # půlnoční přidržek kostela
2. # kdyz kyty šalují až k nám
3. # čas dělá na čase
4. # chlumci z kostela komáře cukrát přede časem zvedou cukrárek zvedou cukrárek zved

2

<s> 4 # čas půlnoc komáři kostel kytka #
1. # jsem jeden z kostela na úsvit
2. # a tady chci sám si kytku
3. # kdo nám říct nepozná
4. # připravej čas je však přejimavý mám je tak sílou posel bych dal přednost si nechat mít k sob

3

<s> 4 # čas půlnoc komáři kostel kytka #
1. # přijde z kostela zavolán
2. # čas půlka
3. # čas půlka
4. # když komaji jsou o tři kytky kytaři dálky neztratí a cítí jsi přece dost přeci těžko co přece je t

4

<s> 4 # čas půlnoc komáři kostel kytka #
1. # když půlnoční nálada v kostele spojí spíš
2. # než tvoří komáří kout
3. # tam zní, že tě lásko
4. # má někdo časem chtěl a já neměl přece nic jít s námi dát než kyt

5

<s> 4 # čas půlnoc komáři kostel kytka #
1. # tři příčiny
2. # jedna už třináctá
3. # k časů přechodem půlnočního sálu v kostele svítí
4. # a čert už ví, kdo není pořád komářem kytkami se ptá tancířů st

6

<s> 4 # čas půlnoc komáři kostel kytka #
1. # tohle nač času bít chtělo
2. # na poslední knedlu životní příští čest
3. # za svou kostličku kytek
4. # došel půlnoční ráno a do kostela šel spát. co je chtěl i já jí

7

<s> 4 # čas půlnoc komáři kostel kytka #
1. # převrátil bych si cýlík přes půlnoční kláštej
2. # abys mohl se s kytkou spojit
3. # i s níž se bys šel hrát
4. # abys měl co bys rád dal komáři dní žít sám seb

8

<s> 4 # čas půlnoc komáři kostel kytka #
1. # šlo bych
2. # přeci
3. # už na půlnoci z kostela zpět do ctů
4. # komáři, to tý mění často kývavý život v kávačí s pírkařem a párem rýmů z ní, ký

9

<s> 4 # čas půlnoc komáři kostel kytka #
1. # někdy
2. # před kostelem půlka
3. # jsem k štěstí sebou šel
4. # i kytku své v sálu mám dost rád. na kom máme sílu dospět z něj celou noc a v přicházejí čas důvod

10

<s> 4 # čas půlnoc komáři kostel kytka #
1. # přibožují kytku před kostele
2. # na přesná časové přílohy
3. # třetí třetí prvnítřetejtej
4. # takhle není čas přijít znít si řvát a na půl noci hrát si děru

11

<s> 4 # čas půlnoc komáři kostel kytka #
1. # na kostele půlnoční hlavu kreslí do dlaní
2. # čas je jí čas veliký jako kytka
3. # na kostele půlnoční hlavu kreslí do dlaní
4. # čas je jí čas veliký jako kytka nám

12

<s> 4 # čas půlnoc komáři kostel kytka #
1. # když z kostela šumívá
2. # přeji půl čas
3. # co je víc než krásná naší kytku
4. # co je víc než noc vždycky má ráno rozdálka v návratový čas tady a tam na cestu zp

13

<s> 4 # čas půlnoc komáři kostel kytka #
1. # co by komáři přece chtěly
2. # byl krásnej náš kosteleček z pána
3. # když nám čas půlnoční připoměl
4. # že svítí, svítí svítí, černá kytku hodí k sobě sám

14

<s> 4 # čas půlnoc komáři kostel kytka #
1. # a půlnoční noc
2. # u kostela
3. # zní kytka
4. # komáři zničou co jsou hlínej jsou i časové hlídnoucí se zacloněné kostelní větrnou mám rád pořádný den než děl

15

<s> 4 # čas půlnoc komáři kostel kytka #
1. # já už půlnoční kostel přivadil
2. # když kytka měla do něj
3. # přistála na děvka
4. # že jsem tvoje vrah co vlastně nejsem, komáři co nikdy není srdce a já dojdu to
==========  tinyLlama_CHARACTERISTIC_WORDS_lyricist_4_32.pt ==========

1

<s> 4 # čas půlnoc komáři kostel kytka #
1. # půlnočním časem
2. # kytku zazrákem
3. # a kostelem komárům
4. # a kostelem komárům a kostelem komárům dovolí cestu jít jen vstříc tomu času dlouhý do kostela a do kost

2

<s> 4 # čas půlnoc komáři kostel kytka #
1. # a komáři kousky kostela kuřák
2. # půl nocem zazvoní v nás někde v nás
3. # těch tisíc časů
4. # všechno se baví mýma tíži a pláčem dýmáků jen

3

<s> 4 # čas půlnoc komáři kostel kytka #
1. # v kostele půlnoční
2. # děličky na kostelíčku
3. # v kostele půlnoční
4. # dělička na kostelíčku zafírájí děťátko a půlnoční svítí do oblaků dědečky spát se

4

<s> 4 # čas půlnoc komáři kostel kytka #
1. # přejí, přejí
2. # přejí, přejí
3. # co do kostela
4. # přejí, přejí, přejí, přejí, cátým nocím si komáři dálavy se táhnou s kytkou blíž v dálce k š

5

<s> 4 # čas půlnoc komáři kostel kytka #
1. # tak byl čas poslední pátrání
2. # po kostele na půlnoci
3. # a potom z něj mizel dlaně mohřík
4. # jen v kýtek hlavy komářky dáváš hraňku vzít do naší dálavy do

6

<s> 4 # čas půlnoc komáři kostel kytka #
1. # můj stará sis byla
2. # můj dárek kostela
3. # na půlnoci byl čas
4. # a zvedla se křika komáři kytky v trávě k týmu stáda hlavy táhlasou spát pořád často u

7

<s> 4 # čas půlnoc komáři kostel kytka #
1. # půlnoční svatá kytara
2. # kulatá kostela
3. # půlnoční svatá kytara
4. # kulatá kostela kouřila jak by jinakej čas byl dovolený životu lidi cestou sám a bez vzrušení

8

<s> 4 # čas půlnoc komáři kostel kytka #
1. # půlnoční, půlnoční
2. # když kýlovou noc kostela zní
3. # zní píseň zní
4. # zní, zní tím pádem komářů a včera kytku rukousí do ženy zase dřív než přijím

9

<s> 4 # čas půlnoc komáři kostel kytka #
1. # půlnoční kostel svírá
2. # dva komáři svlékle se skrývá
3. # jenže kdopak se s kytkami vždy vrátí
4. # tak ahoj, až přijď do dveře zahraj sníh mít tě

10

<s> 4 # čas půlnoc komáři kostel kytka #
1. # čas půlnoční
2. # je přece v nás kostýlky a kůň
3. # svíčky
4. # stromy pod kostelem a komáři užní a dlouho tlouklejejejejejejedrák na břiše máš znělej čas co

11

<s> 4 # čas půlnoc komáři kostel kytka #
1. # půlnoční byl přebývající čas
2. # čas když na kostele svítí
3. # převlík a kytku hřbetu
4. # mlhy zavoní a v noci čeká tanečnice komárův mlynář a mužek stav

12

<s> 4 # čas půlnoc komáři kostel kytka #
1. # žij pohádka ať po půlnoci u kostela máváte
2. # tenhle mák jen rým mám takhle na rtech čas dál
3. # je to tenhle mák ať se na to zavolá náš čas
4. # jděte přip

13

<s> 4 # čas půlnoc komáři kostel kytka #
1. # půl na půl do kostela
2. # z nás jsou širé kytky
3. # širé kytek půl noci
4. # já půl noci zavolám do svýho domu násilný chór cimbálů a rákosí cimbálů a rákos

14

<s> 4 # čas půlnoc komáři kostel kytka #
1. # přestane ti stát před kostelem
2. # ve všechno má rád
3. # i půlnoční čas
4. # když komáři kytky krásnou zahojí životem v nás na na na na naa na na na na na a naa na na a naa na naá

15

<s> 4 # čas půlnoc komáři kostel kytka #
1. # když s kostelem půlnoční přišlo
2. # teď jsme si moc mý slavný dobrý čas vstáší
3. # a zůstanu sám vejšet o práskou do kostela a rve svojí nápoje pod kytku
4. # ve
