----------------- tinyLlama ------ DatasetType.ENDS_AND_WORDS ----------------
cuda available.
==========  tinyLlama_ENDS_AND_WORDS_lyricist_0_32.pt ==========

1

<s> ví nám tel sám # čas půlnoc komáři kostel kytka #
ví # s časem, který se nedoví
nám # že půjdu domů s ním přijít nám
tel # v kostele je přede mnou celý čas obršel
sám # až bude nám půlnoc a v kostele jsme sám
sám # až bude n

2

<s> ví nám tel sám # čas půlnoc komáři kostel kytka #
ví # a ty co se časem zabrzdí hraždí sám ví
nám # že tě v kostele v půlnoci znám
tel # jó, ten kamarád já táhnul bys v týhle chvíli
sám # a ty ty to vše budeš s

3

<s> ví nám tel sám # čas půlnoc komáři kostel kytka #
ví # až půlnoc půjde ví
nám # a já ti nám
tel # co v dál se jmá celák zlatel
sám # co když bys jí za ten poslouchej sám
víš # měl jsem ten důvod známíš díš známíš

4

<s> ví nám tel sám # čas půlnoc komáři kostel kytka #
ví # vzpomíná se a vidí
nám # na půlnočních kostelních svatynám
tel # a mám svůj první tělo koutek a tahletelem
sám # z vodky jsem sám, sám jak přepadlý sám
vím #

5

<s> ví nám tel sám # čas půlnoc komáři kostel kytka #
ví # co čas co ví
nám # to všechno vzpomínám
tel # kdo je tady a co na cestě
sám # tady je to v chodníku světla sám sám sám sám sám
vím # vím že vlastně ještě moc ní ne

6

<s> ví nám tel sám # čas půlnoc komáři kostel kytka #
ví # že žásne chvíli a sčítáš čas až ví
nám # že přestal jsi žít tam a vůbec nám znám
tel # mít s kytku kousek půlnoční hry chytá i čas tel
sám # tady jsi kdes a v

7

<s> ví nám tel sám # čas půlnoc komáři kostel kytka #
ví # v půlnočním šála sám na kostel ví
nám # ve zpěvu táném v knajzám
tel # já čas, kytka, půlnoční vět
sám # pohřební kolo v písničkách sám sám
sím #

8

<s> ví nám tel sám # čas půlnoc komáři kostel kytka #
ví # když na půlnoci chvíli chvíli ví
nám # v kostele už k tomu víc čas neznamenám
tel # v sakru jsem se zrovna vyráběl tele
sám # když nevidím, co dál jsem tušmá svůj dom

9

<s> ví nám tel sám # čas půlnoc komáři kostel kytka #
ví # na půlnoci svět mám v útrobách zkrve vlídně ví
nám # a vůbec žádnej můj komáři nám
tel # z komu mám ten čas taky tel
sám # v kostele jsem čtyři půjden a dnes jsem

10

<s> ví nám tel sám # čas půlnoc komáři kostel kytka #
ví # ten čas se v komíně vrátím o půlnoci ví
nám # a že je daleko zůstalo nám
tel # ve kostele čeká mě přítomnej tlukot tlukot mrtvol a slepých bílých lidáků tel
sám # za

11

<s> ví nám tel sám # čas půlnoc komáři kostel kytka #
ví # kdy bude půlnoční a slyšíš co ví
nám # kdy bude půlnoční a kouštý kostel vzpomínám
tel # jó, kdy bude půlnoční a půjde číslo tisíckrát
sám # kouštý komáři v

12

<s> ví nám tel sám # čas půlnoc komáři kostel kytka #
ví # jen čas půlnoční s člověkem snědou ví
nám # jak na kostel lék je krásnej nám
tel # jak můžou mít komájní posouzený a koukat na svého čas a svým životem
sám # když na pů

13

<s> ví nám tel sám # čas půlnoc komáři kostel kytka #
ví # v půlnoci za stoly kostel svůj tři kluby ví
nám # kytku vám nechtěl přestat znám
tel # jen jedna štěstí měl v mrtvém celku celkem vítáš vždycky poslecháš svou hru

14

<s> ví nám tel sám # čas půlnoc komáři kostel kytka #
ví # o půlnoci se tloupím a dál chvíví
nám # jen kostel je k uprchlíku v té chvilce tobě nám
tel # že byl to bezejmennej komátel
sám # já jste byl i sám a sám jsem s tebe stále

15

<s> ví nám tel sám # čas půlnoc komáři kostel kytka #
ví # že mě nikaky zbylá ví
nám # že ho znám
tel # že mě v kytce sotva šel hned do půlnočního tel
sám # že mě ještě steskem na kostele sám a svým dírem už dělat nebudu sám
ví #
==========  tinyLlama_ENDS_AND_WORDS_lyricist_1_32.pt ==========
